0 info it worked if it ends with ok
1 verbose cli [ '/Users/heysailor/.nvm/versions/node/v6.11.1/bin/node',
1 verbose cli   '/Users/heysailor/.nvm/versions/node/v6.11.1/bin/npm',
1 verbose cli   'run',
1 verbose cli   'test-watch' ]
2 info using npm@3.10.10
3 info using node@v6.11.1
4 verbose run-script [ 'pretest-watch', 'test-watch', 'posttest-watch' ]
5 info lifecycle redux-worker-queue@0.1.0~pretest-watch: redux-worker-queue@0.1.0
6 silly lifecycle redux-worker-queue@0.1.0~pretest-watch: no script for pretest-watch, continuing
7 info lifecycle redux-worker-queue@0.1.0~test-watch: redux-worker-queue@0.1.0
8 verbose lifecycle redux-worker-queue@0.1.0~test-watch: unsafe-perm in lifecycle true
9 verbose lifecycle redux-worker-queue@0.1.0~test-watch: PATH: /Users/heysailor/.nvm/versions/node/v6.11.1/lib/node_modules/npm/bin/node-gyp-bin:/Users/heysailor/dev/redux-worker-queue/node_modules/.bin:/Users/heysailor/.yarn/bin:/Users/heysailor/.nvm/versions/node/v6.11.1/bin:/usr/local/bin:/usr/bin:/bin:/usr/sbin:/sbin:/Users/heysailor/Library/Android/sdk/tools:/Users/heysailor/Library/Android/sdk/platform-tools:/Users/heysailor/Library/Python/2.7/bin
10 verbose lifecycle redux-worker-queue@0.1.0~test-watch: CWD: /Users/heysailor/dev/redux-worker-queue
11 silly lifecycle redux-worker-queue@0.1.0~test-watch: Args: [ '-c', 'jest --watch' ]
12 silly lifecycle redux-worker-queue@0.1.0~test-watch: Returned: code: 1  signal: null
13 info lifecycle redux-worker-queue@0.1.0~test-watch: Failed to exec test-watch script
14 verbose stack Error: redux-worker-queue@0.1.0 test-watch: `jest --watch`
14 verbose stack Exit status 1
14 verbose stack     at EventEmitter.<anonymous> (/Users/heysailor/.nvm/versions/node/v6.11.1/lib/node_modules/npm/lib/utils/lifecycle.js:255:16)
14 verbose stack     at emitTwo (events.js:106:13)
14 verbose stack     at EventEmitter.emit (events.js:191:7)
14 verbose stack     at ChildProcess.<anonymous> (/Users/heysailor/.nvm/versions/node/v6.11.1/lib/node_modules/npm/lib/utils/spawn.js:40:14)
14 verbose stack     at emitTwo (events.js:106:13)
14 verbose stack     at ChildProcess.emit (events.js:191:7)
14 verbose stack     at maybeClose (internal/child_process.js:891:16)
14 verbose stack     at Process.ChildProcess._handle.onexit (internal/child_process.js:226:5)
15 verbose pkgid redux-worker-queue@0.1.0
16 verbose cwd /Users/heysailor/dev/redux-worker-queue
17 error Darwin 16.7.0
18 error argv "/Users/heysailor/.nvm/versions/node/v6.11.1/bin/node" "/Users/heysailor/.nvm/versions/node/v6.11.1/bin/npm" "run" "test-watch"
19 error node v6.11.1
20 error npm  v3.10.10
21 error code ELIFECYCLE
22 error redux-worker-queue@0.1.0 test-watch: `jest --watch`
22 error Exit status 1
23 error Failed at the redux-worker-queue@0.1.0 test-watch script 'jest --watch'.
23 error Make sure you have the latest version of node.js and npm installed.
23 error If you do, this is most likely a problem with the redux-worker-queue package,
23 error not with npm itself.
23 error Tell the author that this fails on your system:
23 error     jest --watch
23 error You can get information on how to open an issue for this project with:
23 error     npm bugs redux-worker-queue
23 error Or if that isn't available, you can get their info via:
23 error     npm owner ls redux-worker-queue
23 error There is likely additional logging output above.
24 verbose exit [ 1, true ]
